<?xml version="1.0" encoding="UTF-8"?>
<coverage generated="1741471227688" clover="3.2.0">
  <project timestamp="1741471227688" name="All files">
    <metrics statements="84" coveredstatements="84" conditionals="5" coveredconditionals="5" methods="11" coveredmethods="11" elements="100" coveredelements="100" complexity="0" loc="84" ncloc="84" packages="5" files="6" classes="6"/>
    <package name="src">
      <metrics statements="30" coveredstatements="30" conditionals="0" coveredconditionals="0" methods="4" coveredmethods="4"/>
      <file name="router.ts" path="C:\Users\pc\Desktop\rest_api_server\src\router.ts">
        <metrics statements="14" coveredstatements="14" conditionals="0" coveredconditionals="0" methods="2" coveredmethods="2"/>
        <line num="1" count="2" type="stmt"/>
        <line num="2" count="2" type="stmt"/>
        <line num="3" count="2" type="stmt"/>
        <line num="4" count="2" type="stmt"/>
        <line num="6" count="2" type="stmt"/>
        <line num="11" count="2" type="stmt"/>
        <line num="13" count="2" type="stmt"/>
        <line num="19" count="2" type="stmt"/>
        <line num="27" count="4" type="stmt"/>
        <line num="32" count="2" type="stmt"/>
        <line num="39" count="5" type="stmt"/>
        <line num="46" count="2" type="stmt"/>
        <line num="52" count="2" type="stmt"/>
        <line num="58" count="2" type="stmt"/>
      </file>
      <file name="server.ts" path="C:\Users\pc\Desktop\rest_api_server\src\server.ts">
        <metrics statements="16" coveredstatements="16" conditionals="0" coveredconditionals="0" methods="2" coveredmethods="2"/>
        <line num="1" count="2" type="stmt"/>
        <line num="2" count="2" type="stmt"/>
        <line num="3" count="2" type="stmt"/>
        <line num="4" count="2" type="stmt"/>
        <line num="8" count="2" type="stmt"/>
        <line num="9" count="3" type="stmt"/>
        <line num="10" count="3" type="stmt"/>
        <line num="11" count="2" type="stmt"/>
        <line num="15" count="1" type="stmt"/>
        <line num="19" count="2" type="stmt"/>
        <line num="22" count="2" type="stmt"/>
        <line num="26" count="2" type="stmt"/>
        <line num="28" count="2" type="stmt"/>
        <line num="30" count="2" type="stmt"/>
        <line num="31" count="1" type="stmt"/>
        <line num="34" count="2" type="stmt"/>
      </file>
    </package>
    <package name="src.config">
      <metrics statements="5" coveredstatements="5" conditionals="0" coveredconditionals="0" methods="0" coveredmethods="0"/>
      <file name="db.ts" path="C:\Users\pc\Desktop\rest_api_server\src\config\db.ts">
        <metrics statements="5" coveredstatements="5" conditionals="0" coveredconditionals="0" methods="0" coveredmethods="0"/>
        <line num="1" count="2" type="stmt"/>
        <line num="2" count="2" type="stmt"/>
        <line num="3" count="2" type="stmt"/>
        <line num="7" count="2" type="stmt"/>
        <line num="12" count="2" type="stmt"/>
      </file>
    </package>
    <package name="src.handlers">
      <metrics statements="37" coveredstatements="37" conditionals="4" coveredconditionals="4" methods="6" coveredmethods="6"/>
      <file name="product.ts" path="C:\Users\pc\Desktop\rest_api_server\src\handlers\product.ts">
        <metrics statements="37" coveredstatements="37" conditionals="4" coveredconditionals="4" methods="6" coveredmethods="6"/>
        <line num="2" count="2" type="stmt"/>
        <line num="10" count="2" type="stmt"/>
        <line num="11" count="2" type="stmt"/>
        <line num="16" count="2" type="stmt"/>
        <line num="19" count="2" type="stmt"/>
        <line num="20" count="2" type="stmt"/>
        <line num="21" count="2" type="stmt"/>
        <line num="22" count="2" type="cond" truecount="1" falsecount="0"/>
        <line num="23" count="1" type="stmt"/>
        <line num="27" count="1" type="stmt"/>
        <line num="30" count="2" type="stmt"/>
        <line num="44" count="1" type="stmt"/>
        <line num="45" count="1" type="stmt"/>
        <line num="46" count="1" type="stmt"/>
        <line num="55" count="2" type="stmt"/>
        <line num="57" count="2" type="stmt"/>
        <line num="58" count="2" type="stmt"/>
        <line num="61" count="2" type="cond" truecount="1" falsecount="0"/>
        <line num="62" count="1" type="stmt"/>
        <line num="68" count="1" type="stmt"/>
        <line num="69" count="1" type="stmt"/>
        <line num="71" count="1" type="stmt"/>
        <line num="75" count="2" type="stmt"/>
        <line num="77" count="2" type="stmt"/>
        <line num="78" count="2" type="stmt"/>
        <line num="81" count="2" type="cond" truecount="1" falsecount="0"/>
        <line num="82" count="1" type="stmt"/>
        <line num="88" count="1" type="stmt"/>
        <line num="89" count="1" type="stmt"/>
        <line num="91" count="1" type="stmt"/>
        <line num="95" count="2" type="stmt"/>
        <line num="97" count="2" type="stmt"/>
        <line num="98" count="2" type="stmt"/>
        <line num="101" count="2" type="cond" truecount="1" falsecount="0"/>
        <line num="102" count="1" type="stmt"/>
        <line num="107" count="1" type="stmt"/>
        <line num="108" count="1" type="stmt"/>
      </file>
    </package>
    <package name="src.middleware">
      <metrics statements="6" coveredstatements="6" conditionals="1" coveredconditionals="1" methods="1" coveredmethods="1"/>
      <file name="index.ts" path="C:\Users\pc\Desktop\rest_api_server\src\middleware\index.ts">
        <metrics statements="6" coveredstatements="6" conditionals="1" coveredconditionals="1" methods="1" coveredmethods="1"/>
        <line num="2" count="2" type="stmt"/>
        <line num="4" count="2" type="stmt"/>
        <line num="6" count="17" type="stmt"/>
        <line num="7" count="17" type="cond" truecount="1" falsecount="0"/>
        <line num="8" count="8" type="stmt"/>
        <line num="11" count="9" type="stmt"/>
      </file>
    </package>
    <package name="src.models">
      <metrics statements="6" coveredstatements="6" conditionals="0" coveredconditionals="0" methods="0" coveredmethods="0"/>
      <file name="Product.model.ts" path="C:\Users\pc\Desktop\rest_api_server\src\models\Product.model.ts">
        <metrics statements="6" coveredstatements="6" conditionals="0" coveredconditionals="0" methods="0" coveredmethods="0"/>
        <line num="1" count="3" type="stmt"/>
        <line num="8" count="3" type="stmt"/>
        <line num="12" count="3" type="stmt"/>
        <line num="17" count="3" type="stmt"/>
        <line num="23" count="3" type="stmt"/>
        <line num="26" count="3" type="stmt"/>
      </file>
    </package>
  </project>
</coverage>
