TN:
SF:src\router.ts
FN:27,(anonymous_0)
FN:39,(anonymous_1)
FNF:2
FNH:2
FNDA:4,(anonymous_0)
FNDA:5,(anonymous_1)
DA:1,2
DA:2,2
DA:3,2
DA:4,2
DA:6,2
DA:11,2
DA:13,2
DA:19,2
DA:27,4
DA:32,2
DA:39,5
DA:46,2
DA:52,2
DA:58,2
LF:14
LH:14
BRF:0
BRH:0
end_of_record
TN:
SF:src\server.ts
FN:8,connectDB
FN:30,(anonymous_2)
FNF:2
FNH:2
FNDA:3,connectDB
FNDA:1,(anonymous_2)
DA:1,2
DA:2,2
DA:3,2
DA:4,2
DA:8,2
DA:9,3
DA:10,3
DA:11,2
DA:15,1
DA:19,2
DA:22,2
DA:26,2
DA:28,2
DA:30,2
DA:31,1
DA:34,2
LF:16
LH:16
BRF:0
BRH:0
end_of_record
TN:
SF:src\config\db.ts
FNF:0
FNH:0
DA:1,2
DA:2,2
DA:3,2
DA:7,2
DA:12,2
LF:5
LH:5
BRF:0
BRH:0
end_of_record
TN:
SF:src\handlers\product.ts
FN:10,(anonymous_1)
FN:19,(anonymous_2)
FN:30,(anonymous_3)
FN:55,(anonymous_4)
FN:75,(anonymous_5)
FN:95,(anonymous_6)
FNF:6
FNH:6
FNDA:2,(anonymous_1)
FNDA:2,(anonymous_2)
FNDA:1,(anonymous_3)
FNDA:2,(anonymous_4)
FNDA:2,(anonymous_5)
FNDA:2,(anonymous_6)
DA:2,2
DA:10,2
DA:11,2
DA:16,2
DA:19,2
DA:20,2
DA:21,2
DA:22,2
DA:23,1
DA:27,1
DA:30,2
DA:44,1
DA:45,1
DA:46,1
DA:55,2
DA:57,2
DA:58,2
DA:61,2
DA:62,1
DA:68,1
DA:69,1
DA:71,1
DA:75,2
DA:77,2
DA:78,2
DA:81,2
DA:82,1
DA:88,1
DA:89,1
DA:91,1
DA:95,2
DA:97,2
DA:98,2
DA:101,2
DA:102,1
DA:107,1
DA:108,1
LF:37
LH:37
BRDA:22,0,0,1
BRDA:61,1,0,1
BRDA:81,2,0,1
BRDA:101,3,0,1
BRF:4
BRH:4
end_of_record
TN:
SF:src\middleware\index.ts
FN:4,(anonymous_0)
FNF:1
FNH:1
FNDA:17,(anonymous_0)
DA:2,2
DA:4,2
DA:6,17
DA:7,17
DA:8,8
DA:11,9
LF:6
LH:6
BRDA:7,0,0,8
BRF:1
BRH:1
end_of_record
TN:
SF:src\models\Product.model.ts
FNF:0
FNH:0
DA:1,3
DA:8,3
DA:12,3
DA:17,3
DA:23,3
DA:26,3
LF:6
LH:6
BRF:0
BRH:0
end_of_record
